<?xml version='1.0' encoding='UTF-8'?>
<testsuite hostname="DESKTOP-5LFCJGB" name="QueryTest" tests="2" errors="0" failures="0" skipped="0" time="0.398" timestamp="2021-11-15T14:20:30">
          <properties>
[...]
</properties>
          <testcase classname="QueryTest" name="Query.getCountryName" time="0.397">
                      
                    </testcase><testcase classname="QueryTest" name="Query.getCountryCode" time="0.001">
                      
                    </testcase>
          <system-out><![CDATA[]]></system-out>
          <system-err><![CDATA[]]></system-err>
        </testsuite>